SF:lib/core/network/error_handler.dart
DA:5,1
DA:24,0
DA:25,0
DA:28,0
DA:32,0
DA:36,0
DA:37,0
DA:39,0
DA:40,0
DA:42,0
DA:43,0
DA:45,0
DA:46,0
DA:48,0
DA:50,0
DA:51,0
DA:52,0
DA:53,0
DA:54,0
DA:55,0
DA:56,0
DA:57,0
DA:58,0
DA:59,0
DA:60,0
DA:62,0
DA:66,0
DA:68,0
DA:70,0
DA:72,0
DA:76,0
DA:83,0
DA:86,0
DA:88,0
DA:89,0
DA:91,0
DA:93,0
DA:95,0
DA:97,0
DA:99,0
DA:101,0
DA:103,0
DA:106,0
DA:108,0
DA:110,0
DA:112,0
DA:114,0
DA:116,0
DA:118,0
DA:120,0
DA:123,0
DA:125,0
DA:129,0
LF:53
LH:1
end_of_record
SF:lib/features/data/data_source/remote_data_source.dart
DA:17,1
DA:21,1
DA:22,6
LF:3
LH:3
end_of_record
SF:lib/features/data/network/app_api.g.dart
DA:10,0
DA:11,0
DA:19,0
DA:21,0
DA:27,0
DA:28,0
DA:29,0
DA:30,0
DA:31,0
DA:32,0
DA:34,0
DA:35,0
DA:39,0
DA:40,0
DA:41,0
DA:42,0
DA:43,0
DA:44,0
DA:46,0
LF:19
LH:0
end_of_record
SF:lib/features/data/request/request.dart
DA:9,1
LF:1
LH:1
end_of_record
SF:lib/features/data/responeses/response_characters/response_characters.dart
DA:26,0
DA:41,1
DA:42,2
DA:43,2
DA:44,2
DA:45,2
DA:46,2
DA:47,2
DA:48,4
DA:51,0
DA:52,0
DA:53,0
DA:54,0
DA:55,0
DA:56,0
DA:57,0
DA:58,0
DA:59,0
DA:60,0
DA:65,0
DA:67,0
DA:85,0
DA:88,1
DA:89,2
DA:90,2
DA:91,2
DA:92,2
DA:93,1
DA:94,2
DA:95,3
DA:96,3
DA:101,0
DA:102,0
DA:103,0
DA:104,0
DA:105,0
DA:106,0
DA:107,0
DA:108,0
DA:113,0
DA:115,0
DA:144,0
DA:156,1
DA:157,2
DA:158,2
DA:159,2
DA:160,2
DA:161,2
DA:162,2
DA:164,1
DA:165,3
DA:166,1
DA:167,3
DA:168,1
DA:169,3
DA:170,1
DA:171,3
DA:172,1
DA:173,2
DA:174,3
DA:175,3
DA:181,0
DA:182,0
DA:183,0
DA:184,0
DA:185,0
DA:186,0
DA:187,0
DA:188,0
DA:191,0
DA:192,0
DA:194,0
DA:195,0
DA:197,0
DA:198,0
DA:200,0
DA:201,0
DA:203,0
DA:204,0
DA:211,0
DA:213,0
DA:225,0
DA:227,1
DA:228,2
DA:229,2
DA:232,0
DA:233,0
DA:234,0
DA:235,0
DA:239,0
DA:241,0
DA:255,0
DA:257,1
DA:258,2
DA:259,2
DA:260,1
DA:261,2
DA:262,3
DA:263,3
DA:266,2
DA:269,0
DA:270,0
DA:271,0
DA:272,0
DA:273,0
DA:274,0
DA:276,0
DA:280,0
DA:282,0
DA:292,0
DA:294,1
DA:295,2
DA:296,2
DA:299,0
DA:300,0
DA:301,0
DA:302,0
DA:306,0
DA:308,0
DA:319,0
DA:321,1
DA:322,2
DA:323,2
DA:326,0
DA:327,0
DA:328,0
DA:329,0
DA:333,0
DA:335,0
LF:129
LH:53
end_of_record
SF:lib/features/data/responeses/response_characters/response_characters.g.dart
DA:9,0
DA:10,0
DA:11,0
DA:12,0
DA:13,0
DA:14,0
DA:15,0
DA:16,0
DA:17,0
DA:20,0
DA:22,0
DA:23,0
DA:24,0
DA:25,0
DA:26,0
DA:27,0
DA:28,0
DA:29,0
DA:32,0
DA:33,0
DA:34,0
DA:35,0
DA:36,0
DA:37,0
DA:38,0
DA:39,0
DA:40,0
DA:43,0
DA:44,0
DA:45,0
DA:46,0
DA:47,0
DA:48,0
DA:49,0
DA:52,0
DA:53,0
DA:54,0
DA:55,0
DA:56,0
DA:57,0
DA:58,0
DA:59,0
DA:61,0
DA:62,0
DA:64,0
DA:65,0
DA:67,0
DA:68,0
DA:70,0
DA:71,0
DA:72,0
DA:73,0
DA:76,0
DA:77,0
DA:78,0
DA:79,0
DA:80,0
DA:81,0
DA:82,0
DA:83,0
DA:84,0
DA:85,0
DA:86,0
DA:87,0
DA:90,0
DA:92,0
DA:93,0
DA:94,0
DA:97,0
DA:99,0
DA:100,0
DA:101,0
DA:104,0
DA:105,0
DA:106,0
DA:107,0
DA:108,0
DA:109,0
DA:110,0
DA:113,0
DA:114,0
DA:115,0
DA:116,0
DA:117,0
DA:120,0
DA:121,0
DA:122,0
DA:125,0
DA:126,0
DA:127,0
DA:130,0
DA:131,0
DA:132,0
DA:135,0
DA:136,0
DA:137,0
LF:96
LH:0
end_of_record
SF:lib/core/network/failure.dart
DA:10,0
DA:15,0
LF:2
LH:0
end_of_record
